#
# There is insufficient memory for the Java Runtime Environment to continue.
# Native memory allocation (malloc) failed to allocate 1048576 bytes for AllocateHeap
# Possible reasons:
#   The system is out of physical RAM or swap space
#   The process is running with CompressedOops enabled, and the Java Heap may be blocking the growth of the native heap
# Possible solutions:
#   Reduce memory load on the system
#   Increase physical memory or swap space
#   Check if swap backing store is full
#   Decrease Java heap size (-Xmx/-Xms)
#   Decrease number of Java threads
#   Decrease Java thread stack sizes (-Xss)
#   Set larger code cache with -XX:ReservedCodeCacheSize=
#   JVM is running with Unscaled Compressed Oops mode in which the Java heap is
#     placed in the first 4GB address space. The Java Heap base address is the
#     maximum limit for the native heap growth. Please use -XX:HeapBaseMinAddress
#     to set the Java Heap base and to place the Java Heap above 4GB virtual address.
# This output file may be truncated or incomplete.
#
#  Out of Memory Error (memory/allocation.inline.hpp:61), pid=8216, tid=0x0000000000000844
#
# JRE version:  (8.0_242-b01) (build )
# Java VM: OpenJDK 64-Bit Server VM (25.242-b01 mixed mode windows-amd64 compressed oops)
# Failed to write core dump. Minidumps are not enabled by default on client versions of Windows
#

---------------  T H R E A D  ---------------

Current thread (0x0000000002523000):  JavaThread "Unknown thread" [_thread_in_vm, id=2116, stack(0x0000000000ac0000,0x0000000000bc0000)]

Stack: [0x0000000000ac0000,0x0000000000bc0000]
[error occurred during error reporting (printing stack bounds), id 0xc0000005]

Native frames: (J=compiled Java code, j=interpreted, Vv=VM code, C=native code)


---------------  P R O C E S S  ---------------

Java Threads: ( => current thread )

Other Threads:

=>0x0000000002523000 (exited) JavaThread "Unknown thread" [_thread_in_vm, id=2116, stack(0x0000000000ac0000,0x0000000000bc0000)]

VM state:not at safepoint (normal execution)

VM Mutex/Monitor currently owned by a thread: None

heap address: 0x00000000c2000000, size: 992 MB, Compressed Oops mode: 32-bit
Narrow klass base: 0x0000000000000000, Narrow klass shift: 3
Compressed class space size: 1073741824 Address: 0x0000000100000000

Heap:
 PSYoungGen      total 18432K, used 317K [0x00000000eb580000, 0x00000000eca00000, 0x0000000100000000)
  eden space 15872K, 2% used [0x00000000eb580000,0x00000000eb5cf5d0,0x00000000ec500000)
  from space 2560K, 0% used [0x00000000ec780000,0x00000000ec780000,0x00000000eca00000)
  to   space 2560K, 0% used [0x00000000ec500000,0x00000000ec500000,0x00000000ec780000)
 ParOldGen       total 42496K, used 0K [0x00000000c2000000, 0x00000000c4980000, 0x00000000eb580000)
  object space 42496K, 0% used [0x00000000c2000000,0x00000000c2000000,0x00000000c4980000)
 Metaspace       used 790K, capacity 1156K, committed 1408K, reserved 1060864K
  class space    used 74K, capacity 384K, committed 384K, reserved 1048576K

Card table byte_map: [0x0000000011ab0000,0x0000000011cb0000] byte_map_base: 0x00000000114a0000

Marking Bits: (ParMarkBitMap*) 0x000000005483f030
 Begin Bits: [0x0000000012200000, 0x0000000013180000)
 End Bits:   [0x0000000013180000, 0x0000000014100000)

Polling page: 0x0000000000bc0000

CodeCache: size=245760Kb used=328Kb max_used=328Kb free=245431Kb
 bounds [0x00000000026f0000, 0x0000000002960000, 0x00000000116f0000]
 total_blobs=57 nmethods=0 adapters=38
 compilation: enabled

Compilation events (0 events):
No events

GC Heap History (0 events):
No events

Deoptimization events (0 events):
No events

Classes redefined (0 events):
No events

Internal exceptions (0 events):
No events

Events (10 events):
Event: 0.431 loading class java/lang/Short
Event: 0.434 loading class java/lang/Short done
Event: 0.435 loading class java/lang/Integer
Event: 0.438 loading class java/lang/Integer done
Event: 0.438 loading class java/lang/Long
Event: 0.441 loading class java/lang/Long done
Event: 0.443 loading class java/lang/NullPointerException
Event: 0.443 loading class java/lang/NullPointerException done
Event: 0.444 loading class java/lang/ArithmeticException
Event: 0.444 loading class java/lang/ArithmeticException done


Dynamic libraries:
0x00007ff67a0a0000 - 0x00007ff67a0d1000 	C:\Program Files\Android\Android Studio\jre\bin\java.exe
0x00007ffa7d1b0000 - 0x00007ffa7d3a6000 	C:\WINDOWS\SYSTEM32\ntdll.dll
0x00007ffa7b520000 - 0x00007ffa7b5dd000 	C:\WINDOWS\System32\KERNEL32.DLL
0x00007ffa7ab10000 - 0x00007ffa7add8000 	C:\WINDOWS\System32\KERNELBASE.dll
0x00007ffa7cc50000 - 0x00007ffa7ccfc000 	C:\WINDOWS\System32\ADVAPI32.dll
0x00007ffa7c780000 - 0x00007ffa7c81e000 	C:\WINDOWS\System32\msvcrt.dll
0x00007ffa7bd90000 - 0x00007ffa7be2b000 	C:\WINDOWS\System32\sechost.dll
0x00007ffa7c900000 - 0x00007ffa7ca24000 	C:\WINDOWS\System32\RPCRT4.dll
0x00007ffa7b380000 - 0x00007ffa7b520000 	C:\WINDOWS\System32\USER32.dll
0x00007ffa7a8f0000 - 0x00007ffa7a912000 	C:\WINDOWS\System32\win32u.dll
0x00007ffa7b210000 - 0x00007ffa7b23a000 	C:\WINDOWS\System32\GDI32.dll
0x00007ffa7a980000 - 0x00007ffa7aa89000 	C:\WINDOWS\System32\gdi32full.dll
0x00007ffa7b120000 - 0x00007ffa7b1bd000 	C:\WINDOWS\System32\msvcp_win.dll
0x00007ffa7ae90000 - 0x00007ffa7af90000 	C:\WINDOWS\System32\ucrtbase.dll
0x00007ffa69230000 - 0x00007ffa694cb000 	C:\WINDOWS\WinSxS\amd64_microsoft.windows.common-controls_6595b64144ccf1df_6.0.19041.488_none_ca04af081b815d21\COMCTL32.dll
0x00007ffa7bb00000 - 0x00007ffa7bb30000 	C:\WINDOWS\System32\IMM32.DLL
0x0000000054f20000 - 0x0000000054ff2000 	C:\Program Files\Android\Android Studio\jre\jre\bin\msvcr100.dll
0x0000000054070000 - 0x00000000548bb000 	C:\Program Files\Android\Android Studio\jre\jre\bin\server\jvm.dll
0x00007ffa7bcb0000 - 0x00007ffa7bcb8000 	C:\WINDOWS\System32\PSAPI.DLL
0x00007ffa72e80000 - 0x00007ffa72e8a000 	C:\WINDOWS\SYSTEM32\VERSION.dll
0x00007ffa6f820000 - 0x00007ffa6f847000 	C:\WINDOWS\SYSTEM32\WINMM.dll
0x00007ffa75fd0000 - 0x00007ffa75fd9000 	C:\WINDOWS\SYSTEM32\WSOCK32.dll
0x00007ffa7ca30000 - 0x00007ffa7ca9b000 	C:\WINDOWS\System32\ws2_32.DLL
0x00007ffa75bb0000 - 0x00007ffa75bbf000 	C:\Program Files\Android\Android Studio\jre\jre\bin\verify.dll
0x00007ffa71310000 - 0x00007ffa71339000 	C:\Program Files\Android\Android Studio\jre\jre\bin\java.dll
0x00007ffa57f50000 - 0x00007ffa57f73000 	C:\Program Files\Android\Android Studio\jre\jre\bin\instrument.dll
0x00007ffa753b0000 - 0x00007ffa753c6000 	C:\Program Files\Android\Android Studio\jre\jre\bin\zip.dll

VM Arguments:
jvm_args: -ea -Didea.test.cyclic.buffer.size=1048576 -javaagent:C:\Program Files\Android\Android Studio\lib\idea_rt.jar=58438:C:\Program Files\Android\Android Studio\bin -Dfile.encoding=UTF-8 
java_command: com.intellij.rt.execution.CommandLineWrapper C:\Users\ACER\AppData\Local\Temp\idea_classpath2048449964 com.intellij.rt.junit.JUnitStarter -ideVersion5 -junit4 com.tubespbp.petshop.UnitTest.LoginPresenterTest,shouldShowLoginErrorWhenEmailAndPasswordAreInvalid
java_class_path (initial): C:\Program Files\Android\Android Studio\lib\idea_rt.jar;C:\Program Files\Android\Android Studio\lib\idea_rt.jar
Launcher Type: SUN_STANDARD

Environment Variables:
JAVA_HOME=C:\Program Files\Java\jdk1.8.0_181
PATH=C:\Python37-32\Scripts\;C:\Python37-32\;C:\oraclexe\app\oracle\product\10.2.0\server\bin;C:\Program Files (x86)\Common Files\Oracle\Java\javapath;C:\Program Files (x86)\Common Files\Intel\Shared Files\cpp\bin\Intel64;C:\Program Files (x86)\Intel\iCLS Client\;C:\Program Files\Intel\iCLS Client\;C:\Windows\system32;C:\Windows;C:\Windows\System32\Wbem;C:\Windows\System32\WindowsPowerShell\v1.0\;C:\Program Files (x86)\Intel\Intel(R) Management Engine Components\DAL;C:\Program Files\Intel\Intel(R) Management Engine Components\DAL;C:\Program Files (x86)\Intel\Intel(R) Management Engine Components\IPT;C:\Program Files\Intel\Intel(R) Management Engine Components\IPT;C:\Program Files (x86)\NVIDIA Corporation\PhysX\Common;C:\WINDOWS\system32;C:\WINDOWS;C:\WINDOWS\System32\Wbem;C:\WINDOWS\System32\WindowsPowerShell\v1.0\;C:\WINDOWS\System32\OpenSSH\;C:\Program Files\NVIDIA Corporation\NVIDIA NvDLISR;C:\WINDOWS\system32;C:\WINDOWS;C:\WINDOWS\System32\Wbem;C:\WINDOWS\System32\WindowsPowerShell\v1.0\;C:\WINDOWS\System32\OpenSSH\;C:\Program Files (x86)\Microsoft SQL Server\100\Tools\Binn\;C:\Program Files\Microsoft SQL Server\100\Tools\Binn\;C:\Program Files\Microsoft SQL Server\100\DTS\Binn\;C:\Program Files (x86)\Microsoft SQL Server\100\Tools\Binn\VSShell\Common7\IDE\;C:\Program Files (x86)\Microsoft Visual Studio 9.0\Common7\IDE\PrivateAssemblies\;C:\Program Files (x86)\Microsoft SQL Server\100\DTS\Binn\;C:\Program Files\Git\cmd;C:\xampp\php;C:\ProgramData\ComposerSetup\bin;C:\Program Files\nodejs\;%MAVEN_HOME%\bin;C:\Python37-32;C:\Python37-32\Scripts;D:\Kuliah lyfe\Web Kuliah\Semester 4\Grafika Komputer (B)\piton;C:\Users\ACER\AppData\Local\Programs\Microsoft VS Code\bin;C:\Users\ACER\AppData\Roaming\Composer\vendor\bin;C:\Users\ACER\AppData\Local\Microsoft\WindowsApps;C:\Users\ACER\AppData\Roaming\npm;C:\Users\ACER\AppData\Local\GitHubDesktop\bin
USERNAME=ACER
OS=Windows_NT
PROCESSOR_IDENTIFIER=Intel64 Family 6 Model 142 Stepping 9, GenuineIntel



---------------  S Y S T E M  ---------------

OS: Windows 10.0 , 64 bit Build 19041 (10.0.19041.546)

CPU:total 4 (initial active 4) (2 cores per cpu, 2 threads per core) family 6 model 142 stepping 9, cmov, cx8, fxsr, mmx, sse, sse2, sse3, ssse3, sse4.1, sse4.2, popcnt, avx, avx2, aes, clmul, erms, 3dnowpref, lzcnt, ht, tsc, tscinvbit, bmi1, bmi2, adx

Memory: 4k page, physical 4059364k(262860k free), swap 16642276k(5400k free)

vm_info: OpenJDK 64-Bit Server VM (25.242-b01) for windows-amd64 JRE (1.8.0_242-release-1644-b01), built by "builder" with MS VC++ 10.0 (VS2010)

time: Sun Dec 06 20:36:12 2020
timezone: Malay Peninsula Standard Time
elapsed time: 0 seconds (0d 0h 0m 0s)

